2015-03-29 11:04:25.380 VCBC[36846:3753291] DiskCookieStorage changing policy from 2 to 0, cookie file: file:///Users/CG3/Library/Developer/CoreSimulator/Devices/4FCDA158-BA88-4336-BEE5-BBFBBF4D7F32/data/Containers/Data/Application/B61649AC-DF21-4E48-B5B8-B8F26D8C2EA1/Library/Cookies/Cookies.binarycookies
2015-03-29 11:04:26.171 VCBC[36846:3753291] Apache Cordova native platform version 3.8.0 is starting.
2015-03-29 11:04:26.172 VCBC[36846:3753291] Multi-tasking -> Device: YES, App: YES
2015-03-29 11:04:26.205 VCBC[36846:3753291] Unlimited access to network resources
2015-03-29 11:04:26.237 VCBC[36846:3753291] 

Started backup to iCloud! Please be careful.
Your application might be rejected by Apple if you store too much data.
For more information please read "iOS Data Storage Guidelines" at:
https://developer.apple.com/icloud/documentation/data-storage/
To disable web storage backup to iCloud, set the BackupWebStorage preference to "local" in the Cordova config.xml file

2015-03-29 11:04:28.152 VCBC[36846:3753291] Resetting plugins due to page load.
2015-03-29 11:04:28.431 VCBC[36846:3753291] Finished load of: file:///Users/CG3/Library/Developer/CoreSimulator/Devices/4FCDA158-BA88-4336-BEE5-BBFBBF4D7F32/data/Containers/Bundle/Application/D9462E49-7AA6-4138-B27A-8CC301B6A22D/VCBC.app/www/index.html
2015-03-29 11:04:28.504 VCBC[36846:3753291] Received Event: deviceready
2015-03-29 11:21:26.769 VCBC[37940:3856476] DiskCookieStorage changing policy from 2 to 0, cookie file: file:///Users/CG3/Library/Developer/CoreSimulator/Devices/4FCDA158-BA88-4336-BEE5-BBFBBF4D7F32/data/Containers/Data/Application/84499962-3A90-4154-ABB2-64AB060CC630/Library/Cookies/Cookies.binarycookies
2015-03-29 11:21:27.851 VCBC[37940:3856476] Apache Cordova native platform version 3.8.0 is starting.
2015-03-29 11:21:27.852 VCBC[37940:3856476] Multi-tasking -> Device: YES, App: YES
2015-03-29 11:21:27.913 VCBC[37940:3856476] Unlimited access to network resources
2015-03-29 11:21:27.967 VCBC[37940:3856476] 

Started backup to iCloud! Please be careful.
Your application might be rejected by Apple if you store too much data.
For more information please read "iOS Data Storage Guidelines" at:
https://developer.apple.com/icloud/documentation/data-storage/
To disable web storage backup to iCloud, set the BackupWebStorage preference to "local" in the Cordova config.xml file

2015-03-29 11:21:29.424 VCBC[37940:3856476] Resetting plugins due to page load.
2015-03-29 11:21:30.110 VCBC[37940:3856476] Finished load of: file:///Users/CG3/Library/Developer/CoreSimulator/Devices/4FCDA158-BA88-4336-BEE5-BBFBBF4D7F32/data/Containers/Bundle/Application/205C4C4D-3DDC-478B-B273-280FD55314B9/VCBC.app/www/index.html
2015-03-29 11:21:38.527 VCBC[37940:3859499] Terminating since there is no system app.
2015-03-29 11:24:27.188 VCBC[38305:3873056] DiskCookieStorage changing policy from 2 to 0, cookie file: file:///Users/CG3/Library/Developer/CoreSimulator/Devices/4FCDA158-BA88-4336-BEE5-BBFBBF4D7F32/data/Containers/Data/Application/A6390F96-A445-46BB-81AC-428FDC1B28AA/Library/Cookies/Cookies.binarycookies
2015-03-29 11:24:27.394 VCBC[38305:3873056] Apache Cordova native platform version 3.8.0 is starting.
2015-03-29 11:24:27.394 VCBC[38305:3873056] Multi-tasking -> Device: YES, App: YES
2015-03-29 11:24:27.396 VCBC[38305:3873056] Unlimited access to network resources
2015-03-29 11:24:27.422 VCBC[38305:3873056] 

Started backup to iCloud! Please be careful.
Your application might be rejected by Apple if you store too much data.
For more information please read "iOS Data Storage Guidelines" at:
https://developer.apple.com/icloud/documentation/data-storage/
To disable web storage backup to iCloud, set the BackupWebStorage preference to "local" in the Cordova config.xml file

2015-03-29 11:24:27.809 VCBC[38305:3873056] Resetting plugins due to page load.
2015-03-29 11:24:27.938 VCBC[38305:3873056] Finished load of: file:///Users/CG3/Library/Developer/CoreSimulator/Devices/4FCDA158-BA88-4336-BEE5-BBFBBF4D7F32/data/Containers/Bundle/Application/9ACC396B-43FF-4EF7-BC73-9B7E639B997A/VCBC.app/www/index.html
2015-03-29 11:25:59.748 VCBC[38504:3877412] DiskCookieStorage changing policy from 2 to 0, cookie file: file:///Users/CG3/Library/Developer/CoreSimulator/Devices/0075EBA1-52E7-4540-91B3-4018DE8DC4D6/data/Containers/Data/Application/868951D5-8319-4276-A188-2D9248FD173B/Library/Cookies/Cookies.binarycookies
2015-03-29 11:25:59.906 VCBC[38504:3877412] Apache Cordova native platform version 3.8.0 is starting.
2015-03-29 11:25:59.906 VCBC[38504:3877412] Multi-tasking -> Device: YES, App: YES
2015-03-29 11:25:59.921 VCBC[38504:3877412] Unlimited access to network resources
2015-03-29 11:25:59.958 VCBC[38504:3877412] 

Started backup to iCloud! Please be careful.
Your application might be rejected by Apple if you store too much data.
For more information please read "iOS Data Storage Guidelines" at:
https://developer.apple.com/icloud/documentation/data-storage/
To disable web storage backup to iCloud, set the BackupWebStorage preference to "local" in the Cordova config.xml file

2015-03-29 11:26:01.177 VCBC[38504:3877412] Resetting plugins due to page load.
2015-03-29 11:26:01.436 VCBC[38504:3877412] Finished load of: file:///Users/CG3/Library/Developer/CoreSimulator/Devices/0075EBA1-52E7-4540-91B3-4018DE8DC4D6/data/Containers/Bundle/Application/D11561EB-AA20-4CBB-9ECA-66309288746A/VCBC.app/www/index.html
2015-03-29 11:48:13.865 VCBC[39068:4014249] DiskCookieStorage changing policy from 2 to 0, cookie file: file:///Users/CG3/Library/Developer/CoreSimulator/Devices/0075EBA1-52E7-4540-91B3-4018DE8DC4D6/data/Containers/Data/Application/A9F475D1-98FB-46AE-8BED-4ABAEE46E433/Library/Cookies/Cookies.binarycookies
2015-03-29 11:48:13.992 VCBC[39068:4014249] Apache Cordova native platform version 3.8.0 is starting.
2015-03-29 11:48:13.993 VCBC[39068:4014249] Multi-tasking -> Device: YES, App: YES
2015-03-29 11:48:14.075 VCBC[39068:4014249] Unlimited access to network resources
2015-03-29 11:48:14.102 VCBC[39068:4014249] 

Started backup to iCloud! Please be careful.
Your application might be rejected by Apple if you store too much data.
For more information please read "iOS Data Storage Guidelines" at:
https://developer.apple.com/icloud/documentation/data-storage/
To disable web storage backup to iCloud, set the BackupWebStorage preference to "local" in the Cordova config.xml file

2015-03-29 11:48:15.584 VCBC[39068:4014249] Resetting plugins due to page load.
2015-03-29 11:48:15.886 VCBC[39068:4014249] Finished load of: file:///Users/CG3/Library/Developer/CoreSimulator/Devices/0075EBA1-52E7-4540-91B3-4018DE8DC4D6/data/Containers/Bundle/Application/85983ABB-ABA1-4168-8486-BF2526B89182/VCBC.app/www/index.html
2015-03-29 11:48:16.017 VCBC[39068:4014249] THREAD WARNING: ['Device'] took '19.789307' ms. Plugin should use a background thread.
2015-03-29 11:48:18.360 VCBC[39068:4014249] THREAD WARNING: ['Notification'] took '114.599121' ms. Plugin should use a background thread.
2015-03-29 11:49:26.820 VCBC[39208:4023849] DiskCookieStorage changing policy from 2 to 0, cookie file: file:///Users/CG3/Library/Developer/CoreSimulator/Devices/0075EBA1-52E7-4540-91B3-4018DE8DC4D6/data/Containers/Data/Application/45FBEB76-CB9F-44AB-8FDD-18A5635E751F/Library/Cookies/Cookies.binarycookies
2015-03-29 11:49:26.982 VCBC[39208:4023849] Apache Cordova native platform version 3.8.0 is starting.
2015-03-29 11:49:26.983 VCBC[39208:4023849] Multi-tasking -> Device: YES, App: YES
2015-03-29 11:49:26.984 VCBC[39208:4023849] Unlimited access to network resources
2015-03-29 11:49:26.994 VCBC[39208:4023849] 

Started backup to iCloud! Please be careful.
Your application might be rejected by Apple if you store too much data.
For more information please read "iOS Data Storage Guidelines" at:
https://developer.apple.com/icloud/documentation/data-storage/
To disable web storage backup to iCloud, set the BackupWebStorage preference to "local" in the Cordova config.xml file

2015-03-29 11:49:27.439 VCBC[39208:4023849] Resetting plugins due to page load.
2015-03-29 11:49:27.579 VCBC[39208:4023849] Finished load of: file:///Users/CG3/Library/Developer/CoreSimulator/Devices/0075EBA1-52E7-4540-91B3-4018DE8DC4D6/data/Containers/Bundle/Application/D04933A0-08BC-4F73-9384-2DE4E4EE1024/VCBC.app/www/index.html
2015-03-29 11:49:30.487 VCBC[39208:4023849] THREAD WARNING: ['Notification'] took '31.993896' ms. Plugin should use a background thread.
2015-03-29 11:49:38.108 VCBC[39208:4023849] THREAD WARNING: ['Notification'] took '13.597168' ms. Plugin should use a background thread.
2015-03-29 12:06:32.572 VCBC[39815:4093299] DiskCookieStorage changing policy from 2 to 0, cookie file: file:///Users/CG3/Library/Developer/CoreSimulator/Devices/0075EBA1-52E7-4540-91B3-4018DE8DC4D6/data/Containers/Data/Application/E227A7A6-1174-4030-B343-5B9D50D487A7/Library/Cookies/Cookies.binarycookies
2015-03-29 12:06:33.802 VCBC[39815:4093299] Apache Cordova native platform version 3.8.0 is starting.
2015-03-29 12:06:33.802 VCBC[39815:4093299] Multi-tasking -> Device: YES, App: YES
2015-03-29 12:06:33.885 VCBC[39815:4093299] Unlimited access to network resources
2015-03-29 12:06:33.966 VCBC[39815:4093299] 

Started backup to iCloud! Please be careful.
Your application might be rejected by Apple if you store too much data.
For more information please read "iOS Data Storage Guidelines" at:
https://developer.apple.com/icloud/documentation/data-storage/
To disable web storage backup to iCloud, set the BackupWebStorage preference to "local" in the Cordova config.xml file

2015-03-29 12:06:36.545 VCBC[39815:4093299] Resetting plugins due to page load.
2015-03-29 12:06:37.046 VCBC[39815:4093299] Finished load of: file:///Users/CG3/Library/Developer/CoreSimulator/Devices/0075EBA1-52E7-4540-91B3-4018DE8DC4D6/data/Containers/Bundle/Application/354A4A95-28EE-4C98-B015-281392EF6F7C/VCBC.app/www/index.html
2015-03-29 12:08:34.726 VCBC[40083:4108119] DiskCookieStorage changing policy from 2 to 0, cookie file: file:///Users/CG3/Library/Developer/CoreSimulator/Devices/0075EBA1-52E7-4540-91B3-4018DE8DC4D6/data/Containers/Data/Application/F2F3519F-5275-46E1-B8B0-F9A3BD6FDB38/Library/Cookies/Cookies.binarycookies
2015-03-29 12:08:35.058 VCBC[40083:4108119] Apache Cordova native platform version 3.8.0 is starting.
2015-03-29 12:08:35.058 VCBC[40083:4108119] Multi-tasking -> Device: YES, App: YES
2015-03-29 12:08:35.126 VCBC[40083:4108119] Unlimited access to network resources
2015-03-29 12:08:35.174 VCBC[40083:4108119] 

Started backup to iCloud! Please be careful.
Your application might be rejected by Apple if you store too much data.
For more information please read "iOS Data Storage Guidelines" at:
https://developer.apple.com/icloud/documentation/data-storage/
To disable web storage backup to iCloud, set the BackupWebStorage preference to "local" in the Cordova config.xml file

2015-03-29 12:08:37.999 VCBC[40083:4108119] Resetting plugins due to page load.
2015-03-29 12:08:38.661 VCBC[40083:4108119] Finished load of: file:///Users/CG3/Library/Developer/CoreSimulator/Devices/0075EBA1-52E7-4540-91B3-4018DE8DC4D6/data/Containers/Bundle/Application/28C0F1EE-DDCB-476C-AC7B-8C2B5DC9476E/VCBC.app/www/index.html
2015-04-19 09:51:19.370 VCBC[86217:7599073] DiskCookieStorage changing policy from 2 to 0, cookie file: file:///Users/CG3/Library/Developer/CoreSimulator/Devices/0075EBA1-52E7-4540-91B3-4018DE8DC4D6/data/Containers/Data/Application/AE528187-271E-401E-A20E-5C02D83446EC/Library/Cookies/Cookies.binarycookies
2015-04-19 09:51:19.479 VCBC[86217:7599073] Apache Cordova native platform version 3.8.0 is starting.
2015-04-19 09:51:19.480 VCBC[86217:7599073] Multi-tasking -> Device: YES, App: YES
2015-04-19 09:51:19.482 VCBC[86217:7599073] Unlimited access to network resources
2015-04-19 09:51:19.497 VCBC[86217:7599073] 

Started backup to iCloud! Please be careful.
Your application might be rejected by Apple if you store too much data.
For more information please read "iOS Data Storage Guidelines" at:
https://developer.apple.com/icloud/documentation/data-storage/
To disable web storage backup to iCloud, set the BackupWebStorage preference to "local" in the Cordova config.xml file

2015-04-19 09:51:20.475 VCBC[86217:7599073] [CDVTimer][statusbar] 105.337977ms
2015-04-19 09:51:20.475 VCBC[86217:7599073] [CDVTimer][TotalPluginStartup] 105.593979ms
2015-04-19 09:51:20.576 VCBC[86217:7599073] Resetting plugins due to page load.
2015-04-19 09:51:21.384 VCBC[86217:7599073] Finished load of: file:///Users/CG3/Library/Developer/CoreSimulator/Devices/0075EBA1-52E7-4540-91B3-4018DE8DC4D6/data/Containers/Bundle/Application/D82564F9-91A3-49BB-A8B2-804190410B18/VCBC.app/www/index.html
2015-04-19 09:51:25.555 VCBC[86217:7599073] THREAD WARNING: ['Notification'] took '37.420898' ms. Plugin should use a background thread.
2015-04-19 09:55:52.630 VCBC[86412:7636884] DiskCookieStorage changing policy from 2 to 0, cookie file: file:///Users/CG3/Library/Developer/CoreSimulator/Devices/0075EBA1-52E7-4540-91B3-4018DE8DC4D6/data/Containers/Data/Application/9829AB08-414C-4F0B-A219-45EA4E36AE2E/Library/Cookies/Cookies.binarycookies
2015-04-19 09:55:52.729 VCBC[86412:7636884] Apache Cordova native platform version 3.8.0 is starting.
2015-04-19 09:55:52.730 VCBC[86412:7636884] Multi-tasking -> Device: YES, App: YES
2015-04-19 09:55:52.731 VCBC[86412:7636884] Unlimited access to network resources
2015-04-19 09:55:52.733 VCBC[86412:7636884] 

Started backup to iCloud! Please be careful.
Your application might be rejected by Apple if you store too much data.
For more information please read "iOS Data Storage Guidelines" at:
https://developer.apple.com/icloud/documentation/data-storage/
To disable web storage backup to iCloud, set the BackupWebStorage preference to "local" in the Cordova config.xml file

2015-04-19 09:55:52.926 VCBC[86412:7636884] [CDVTimer][statusbar] 14.584005ms
2015-04-19 09:55:52.926 VCBC[86412:7636884] [CDVTimer][TotalPluginStartup] 14.753997ms
2015-04-19 09:55:53.008 VCBC[86412:7636884] Resetting plugins due to page load.
2015-04-19 09:55:53.258 VCBC[86412:7636884] Finished load of: file:///Users/CG3/Library/Developer/CoreSimulator/Devices/0075EBA1-52E7-4540-91B3-4018DE8DC4D6/data/Containers/Bundle/Application/0F8E4E34-7C57-428D-A624-18FC330EECF7/VCBC.app/www/index.html
2015-04-19 09:57:15.208 VCBC[86564:7646829] DiskCookieStorage changing policy from 2 to 0, cookie file: file:///Users/CG3/Library/Developer/CoreSimulator/Devices/0075EBA1-52E7-4540-91B3-4018DE8DC4D6/data/Containers/Data/Application/2379D80B-A503-46D9-9F2D-66BAB5ABF1A0/Library/Cookies/Cookies.binarycookies
2015-04-19 09:57:15.330 VCBC[86564:7646829] Apache Cordova native platform version 3.8.0 is starting.
2015-04-19 09:57:15.330 VCBC[86564:7646829] Multi-tasking -> Device: YES, App: YES
2015-04-19 09:57:15.333 VCBC[86564:7646829] Unlimited access to network resources
2015-04-19 09:57:15.336 VCBC[86564:7646829] 

Started backup to iCloud! Please be careful.
Your application might be rejected by Apple if you store too much data.
For more information please read "iOS Data Storage Guidelines" at:
https://developer.apple.com/icloud/documentation/data-storage/
To disable web storage backup to iCloud, set the BackupWebStorage preference to "local" in the Cordova config.xml file

2015-04-19 09:57:15.632 VCBC[86564:7646829] [CDVTimer][statusbar] 31.817019ms
2015-04-19 09:57:15.632 VCBC[86564:7646829] [CDVTimer][TotalPluginStartup] 32.036006ms
2015-04-19 09:57:15.705 VCBC[86564:7646829] Resetting plugins due to page load.
2015-04-19 09:57:16.035 VCBC[86564:7646829] Finished load of: file:///Users/CG3/Library/Developer/CoreSimulator/Devices/0075EBA1-52E7-4540-91B3-4018DE8DC4D6/data/Containers/Bundle/Application/F9BE23A6-1C69-4346-909F-CF4D2CB8E766/VCBC.app/www/index.html
2015-05-10 10:59:32.142 VCBC[99978:9803595] DiskCookieStorage changing policy from 2 to 0, cookie file: file:///Users/CG3/Library/Developer/CoreSimulator/Devices/057EE332-BD38-4510-9C43-64B5851B35B8/data/Containers/Data/Application/A0C16B2C-1A12-4D87-9C3B-B78D95EA0D07/Library/Cookies/Cookies.binarycookies
2015-05-10 10:59:32.228 VCBC[99978:9803595] Apache Cordova native platform version 3.8.0 is starting.
2015-05-10 10:59:32.228 VCBC[99978:9803595] Multi-tasking -> Device: YES, App: YES
2015-05-10 10:59:32.274 VCBC[99978:9803595] Unlimited access to network resources
2015-05-10 10:59:32.316 VCBC[99978:9803595] 

Started backup to iCloud! Please be careful.
Your application might be rejected by Apple if you store too much data.
For more information please read "iOS Data Storage Guidelines" at:
https://developer.apple.com/icloud/documentation/data-storage/
To disable web storage backup to iCloud, set the BackupWebStorage preference to "local" in the Cordova config.xml file

2015-05-10 10:59:33.674 VCBC[99978:9803595] [CDVTimer][statusbar] 124.517977ms
2015-05-10 10:59:33.674 VCBC[99978:9803595] [CDVTimer][TotalPluginStartup] 124.816000ms
2015-05-10 10:59:34.254 VCBC[99978:9803595] Resetting plugins due to page load.
2015-05-10 10:59:34.845 VCBC[99978:9803595] Finished load of: file:///Users/CG3/Library/Developer/CoreSimulator/Devices/057EE332-BD38-4510-9C43-64B5851B35B8/data/Containers/Bundle/Application/0752BB93-7CF3-480D-BAF8-ACC9E22C9636/VCBC.app/www/index.html
2015-05-10 10:59:38.038 VCBC[99978:9803595] THREAD WARNING: ['Notification'] took '47.238037' ms. Plugin should use a background thread.
2015-05-10 10:59:45.592 VCBC[99978:9803595] Failed to load webpage with error: The URL can’t be shown
2015-05-10 10:59:47.776 VCBC[99978:9803595] Failed to load webpage with error: The URL can’t be shown
2015-05-10 10:59:48.225 VCBC[99978:9803595] Failed to load webpage with error: The URL can’t be shown
2015-05-10 10:59:48.900 VCBC[99978:9803595] Failed to load webpage with error: The URL can’t be shown
2015-05-10 10:59:49.147 VCBC[99978:9803595] Failed to load webpage with error: The URL can’t be shown
2015-05-10 10:59:49.462 VCBC[99978:9803595] Failed to load webpage with error: The URL can’t be shown
2015-05-10 11:00:11.615 VCBC[99978:9803595] Failed to load webpage with error: The URL can’t be shown
2015-05-10 11:00:12.086 VCBC[99978:9803595] Failed to load webpage with error: The URL can’t be shown
2015-05-10 11:00:12.424 VCBC[99978:9803595] Failed to load webpage with error: The URL can’t be shown
2015-05-10 11:00:14.759 VCBC[99978:9803595] locationManager::didFailWithError (null)
2015-05-10 11:00:14.771 VCBC[99978:9803595] THREAD WARNING: ['Notification'] took '10.075195' ms. Plugin should use a background thread.
2015-05-10 11:00:43.242 VCBC[99978:9803595] THREAD WARNING: ['Notification'] took '12.370117' ms. Plugin should use a background thread.
2015-05-10 11:00:56.964 VCBC[99978:9803595] Failed to load webpage with error: The URL can’t be shown
2015-05-10 11:00:57.311 VCBC[99978:9803595] Failed to load webpage with error: The URL can’t be shown
2015-05-10 11:00:57.649 VCBC[99978:9803595] Failed to load webpage with error: The URL can’t be shown
2015-05-10 11:01:10.415 VCBC[99978:9803595] locationManager::didFailWithError (null)
2015-05-10 11:06:18.451 VCBC[334:9856363] Apache Cordova native platform version 3.8.0 is starting.
2015-05-10 11:06:18.465 VCBC[334:9856363] Multi-tasking -> Device: YES, App: YES
2015-05-10 11:06:18.467 VCBC[334:9856363] Unlimited access to network resources
2015-05-10 11:06:18.475 VCBC[334:9856363] 

Started backup to iCloud! Please be careful.
Your application might be rejected by Apple if you store too much data.
For more information please read "iOS Data Storage Guidelines" at:
https://developer.apple.com/icloud/documentation/data-storage/
To disable web storage backup to iCloud, set the BackupWebStorage preference to "local" in the Cordova config.xml file

2015-05-10 11:06:18.741 VCBC[334:9856363] [CDVTimer][statusbar] 78.500032ms
2015-05-10 11:06:18.741 VCBC[334:9856363] [CDVTimer][TotalPluginStartup] 78.782022ms
2015-05-10 11:06:18.785 VCBC[334:9856363] Resetting plugins due to page load.
2015-05-10 11:06:19.155 VCBC[334:9856363] Finished load of: file:///Users/CG3/Library/Developer/CoreSimulator/Devices/057EE332-BD38-4510-9C43-64B5851B35B8/data/Containers/Bundle/Application/9A034FD8-EE2E-4254-AA5F-2787683A9699/VCBC.app/www/index.html
2015-05-10 11:06:22.874 VCBC[334:9856363] THREAD WARNING: ['Notification'] took '25.058838' ms. Plugin should use a background thread.
2015-05-10 11:06:32.360 VCBC[334:9856363] Avon
2015-05-10 11:07:21.120 VCBC[534:9865888] Apache Cordova native platform version 3.8.0 is starting.
2015-05-10 11:07:21.134 VCBC[534:9865888] Multi-tasking -> Device: YES, App: YES
2015-05-10 11:07:21.137 VCBC[534:9865888] Unlimited access to network resources
2015-05-10 11:07:21.144 VCBC[534:9865888] 

Started backup to iCloud! Please be careful.
Your application might be rejected by Apple if you store too much data.
For more information please read "iOS Data Storage Guidelines" at:
https://developer.apple.com/icloud/documentation/data-storage/
To disable web storage backup to iCloud, set the BackupWebStorage preference to "local" in the Cordova config.xml file

2015-05-10 11:07:21.418 VCBC[534:9865888] [CDVTimer][statusbar] 53.860009ms
2015-05-10 11:07:21.419 VCBC[534:9865888] [CDVTimer][TotalPluginStartup] 54.063976ms
2015-05-10 11:07:21.459 VCBC[534:9865888] Resetting plugins due to page load.
2015-05-10 11:07:21.823 VCBC[534:9865888] Finished load of: file:///Users/CG3/Library/Developer/CoreSimulator/Devices/057EE332-BD38-4510-9C43-64B5851B35B8/data/Containers/Bundle/Application/754111DA-E8E3-4523-8C9D-5DF6BB23BC20/VCBC.app/www/index.html
2015-05-10 11:07:23.191 VCBC[534:9865888] THREAD WARNING: ['Notification'] took '31.865967' ms. Plugin should use a background thread.
2015-05-10 11:10:59.962 VCBC[699:9889856] Apache Cordova native platform version 3.8.0 is starting.
2015-05-10 11:10:59.976 VCBC[699:9889856] Multi-tasking -> Device: YES, App: YES
2015-05-10 11:10:59.978 VCBC[699:9889856] Unlimited access to network resources
2015-05-10 11:10:59.986 VCBC[699:9889856] 

Started backup to iCloud! Please be careful.
Your application might be rejected by Apple if you store too much data.
For more information please read "iOS Data Storage Guidelines" at:
https://developer.apple.com/icloud/documentation/data-storage/
To disable web storage backup to iCloud, set the BackupWebStorage preference to "local" in the Cordova config.xml file

2015-05-10 11:11:00.261 VCBC[699:9889856] [CDVTimer][statusbar] 55.748999ms
2015-05-10 11:11:00.261 VCBC[699:9889856] [CDVTimer][TotalPluginStartup] 55.936992ms
2015-05-10 11:11:00.306 VCBC[699:9889856] Resetting plugins due to page load.
2015-05-10 11:11:00.720 VCBC[699:9889856] Finished load of: file:///Users/CG3/Library/Developer/CoreSimulator/Devices/057EE332-BD38-4510-9C43-64B5851B35B8/data/Containers/Bundle/Application/64F4E80F-B11A-4FCC-9DBA-A9E80B93FBDA/VCBC.app/www/index.html
2015-05-10 11:11:00.999 VCBC[699:9889856] THREAD WARNING: ['StatusBar'] took '18.446045' ms. Plugin should use a background thread.
2015-05-10 11:11:03.505 VCBC[699:9889856] THREAD WARNING: ['Notification'] took '26.135986' ms. Plugin should use a background thread.
2015-05-10 11:11:05.517 VCBC[699:9889856] Avon
2015-05-10 11:12:11.755 VCBC[901:9900129] DiskCookieStorage changing policy from 2 to 0, cookie file: file:///Users/CG3/Library/Developer/CoreSimulator/Devices/0075EBA1-52E7-4540-91B3-4018DE8DC4D6/data/Containers/Data/Application/ACC677FB-AF74-41DE-B596-46F3FD058EC5/Library/Cookies/Cookies.binarycookies
2015-05-10 11:12:11.882 VCBC[901:9900129] Apache Cordova native platform version 3.8.0 is starting.
2015-05-10 11:12:11.882 VCBC[901:9900129] Multi-tasking -> Device: YES, App: YES
2015-05-10 11:12:11.883 VCBC[901:9900129] Unlimited access to network resources
2015-05-10 11:12:11.908 VCBC[901:9900129] 

Started backup to iCloud! Please be careful.
Your application might be rejected by Apple if you store too much data.
For more information please read "iOS Data Storage Guidelines" at:
https://developer.apple.com/icloud/documentation/data-storage/
To disable web storage backup to iCloud, set the BackupWebStorage preference to "local" in the Cordova config.xml file

2015-05-10 11:12:12.366 VCBC[901:9900129] [CDVTimer][statusbar] 84.264994ms
2015-05-10 11:12:12.366 VCBC[901:9900129] [CDVTimer][TotalPluginStartup] 84.457994ms
2015-05-10 11:12:12.448 VCBC[901:9900129] Resetting plugins due to page load.
2015-05-10 11:12:13.330 VCBC[901:9900129] Finished load of: file:///Users/CG3/Library/Developer/CoreSimulator/Devices/0075EBA1-52E7-4540-91B3-4018DE8DC4D6/data/Containers/Bundle/Application/836452EB-E51B-417B-B537-2FE6767365FB/VCBC.app/www/index.html
2015-05-10 11:12:14.654 VCBC[901:9900129] THREAD WARNING: ['Notification'] took '33.550049' ms. Plugin should use a background thread.
2015-05-10 11:12:17.009 VCBC[901:9900129] Avon
2015-05-10 11:18:44.703 VCBC[901:9900129] Failed to load webpage with error: The URL can’t be shown
2015-05-10 11:18:45.352 VCBC[901:9900129] THREAD WARNING: ['Geolocation'] took '40.365967' ms. Plugin should use a background thread.
2015-05-10 11:18:45.353 VCBC[901:9900129] locationManager::didFailWithError (null)
2015-05-10 11:18:45.371 VCBC[901:9900129] THREAD WARNING: ['Notification'] took '13.078125' ms. Plugin should use a background thread.
2015-05-10 11:18:53.522 VCBC[901:9900129] Avon
2015-05-10 11:19:53.710 VCBC[901:9900129] THREAD WARNING: ['Notification'] took '13.177734' ms. Plugin should use a background thread.
2015-05-10 11:20:05.485 VCBC[901:9900129] Bristol
2015-05-10 11:20:06.442 VCBC[901:9900129] THREAD WARNING: ['Notification'] took '10.977783' ms. Plugin should use a background thread.
2015-05-10 11:20:09.078 VCBC[901:9900129] Avon
2015-05-10 11:20:10.041 VCBC[901:9900129] THREAD WARNING: ['Notification'] took '12.191895' ms. Plugin should use a background thread.
2015-05-10 11:22:19.226 VCBC[1165:9973132] Apache Cordova native platform version 3.8.0 is starting.
2015-05-10 11:22:19.249 VCBC[1165:9973132] Multi-tasking -> Device: YES, App: YES
2015-05-10 11:22:19.252 VCBC[1165:9973132] Unlimited access to network resources
2015-05-10 11:22:19.283 VCBC[1165:9973132] 

Started backup to iCloud! Please be careful.
Your application might be rejected by Apple if you store too much data.
For more information please read "iOS Data Storage Guidelines" at:
https://developer.apple.com/icloud/documentation/data-storage/
To disable web storage backup to iCloud, set the BackupWebStorage preference to "local" in the Cordova config.xml file

2015-05-10 11:22:19.670 VCBC[1165:9973132] [CDVTimer][statusbar] 129.288018ms
2015-05-10 11:22:19.670 VCBC[1165:9973132] [CDVTimer][TotalPluginStartup] 129.583001ms
2015-05-10 11:22:19.713 VCBC[1165:9973132] Resetting plugins due to page load.
2015-05-10 11:22:20.181 VCBC[1165:9973132] Finished load of: file:///Users/CG3/Library/Developer/CoreSimulator/Devices/057EE332-BD38-4510-9C43-64B5851B35B8/data/Containers/Bundle/Application/1765667C-BA49-4AF9-BE37-3F243C41F0B8/VCBC.app/www/index.html
2015-05-10 11:22:28.161 VCBC[1165:9973132] THREAD WARNING: ['Notification'] took '25.647217' ms. Plugin should use a background thread.
2015-05-10 11:25:34.696 VCBC[1347:9996740] Apache Cordova native platform version 3.8.0 is starting.
2015-05-10 11:25:34.712 VCBC[1347:9996740] Multi-tasking -> Device: YES, App: YES
2015-05-10 11:25:34.714 VCBC[1347:9996740] Unlimited access to network resources
2015-05-10 11:25:34.734 VCBC[1347:9996740] 

Started backup to iCloud! Please be careful.
Your application might be rejected by Apple if you store too much data.
For more information please read "iOS Data Storage Guidelines" at:
https://developer.apple.com/icloud/documentation/data-storage/
To disable web storage backup to iCloud, set the BackupWebStorage preference to "local" in the Cordova config.xml file

2015-05-10 11:25:34.991 VCBC[1347:9996740] [CDVTimer][statusbar] 74.679017ms
2015-05-10 11:25:34.991 VCBC[1347:9996740] [CDVTimer][TotalPluginStartup] 74.967027ms
2015-05-10 11:25:35.033 VCBC[1347:9996740] Resetting plugins due to page load.
2015-05-10 11:25:35.447 VCBC[1347:9996740] Finished load of: file:///Users/CG3/Library/Developer/CoreSimulator/Devices/057EE332-BD38-4510-9C43-64B5851B35B8/data/Containers/Bundle/Application/8ED076CD-F767-45EB-AB4C-F52572A43F19/VCBC.app/www/index.html
2015-05-10 11:31:57.602 VCBC[1524:10042611] Apache Cordova native platform version 3.8.0 is starting.
2015-05-10 11:31:57.603 VCBC[1524:10042611] Multi-tasking -> Device: YES, App: YES
2015-05-10 11:31:57.604 VCBC[1524:10042611] Unlimited access to network resources
2015-05-10 11:31:57.607 VCBC[1524:10042611] 

Started backup to iCloud! Please be careful.
Your application might be rejected by Apple if you store too much data.
For more information please read "iOS Data Storage Guidelines" at:
https://developer.apple.com/icloud/documentation/data-storage/
To disable web storage backup to iCloud, set the BackupWebStorage preference to "local" in the Cordova config.xml file

2015-05-10 11:31:57.853 VCBC[1524:10042611] [CDVTimer][statusbar] 18.440008ms
2015-05-10 11:31:57.853 VCBC[1524:10042611] [CDVTimer][TotalPluginStartup] 18.685997ms
2015-05-10 11:31:57.932 VCBC[1524:10042611] Resetting plugins due to page load.
2015-05-10 11:31:58.297 VCBC[1524:10042611] Finished load of: file:///Users/CG3/Library/Developer/CoreSimulator/Devices/057EE332-BD38-4510-9C43-64B5851B35B8/data/Containers/Bundle/Application/E35EC401-C4AF-4997-AFAB-F36E09EE5770/VCBC.app/www/index.html
2015-05-10 11:32:08.668 VCBC[1524:10042611] Avon
2015-05-10 11:37:22.406 VCBC[1704:10072763] Apache Cordova native platform version 3.8.0 is starting.
2015-05-10 11:37:22.407 VCBC[1704:10072763] Multi-tasking -> Device: YES, App: YES
2015-05-10 11:37:22.409 VCBC[1704:10072763] Unlimited access to network resources
2015-05-10 11:37:22.412 VCBC[1704:10072763] 

Started backup to iCloud! Please be careful.
Your application might be rejected by Apple if you store too much data.
For more information please read "iOS Data Storage Guidelines" at:
https://developer.apple.com/icloud/documentation/data-storage/
To disable web storage backup to iCloud, set the BackupWebStorage preference to "local" in the Cordova config.xml file

2015-05-10 11:37:22.660 VCBC[1704:10072763] [CDVTimer][statusbar] 25.034010ms
2015-05-10 11:37:22.660 VCBC[1704:10072763] [CDVTimer][TotalPluginStartup] 25.200963ms
2015-05-10 11:37:22.699 VCBC[1704:10072763] Resetting plugins due to page load.
2015-05-10 11:37:23.069 VCBC[1704:10072763] Finished load of: file:///Users/CG3/Library/Developer/CoreSimulator/Devices/057EE332-BD38-4510-9C43-64B5851B35B8/data/Containers/Bundle/Application/141B66EC-962E-46DE-A401-5EFA83DC81E8/VCBC.app/www/index.html
2015-05-10 11:37:26.525 VCBC[1704:10072763] Avon
2015-05-10 11:42:40.228 VCBC[1873:10107000] Apache Cordova native platform version 3.8.0 is starting.
2015-05-10 11:42:40.229 VCBC[1873:10107000] Multi-tasking -> Device: YES, App: YES
2015-05-10 11:42:40.231 VCBC[1873:10107000] Unlimited access to network resources
2015-05-10 11:42:40.236 VCBC[1873:10107000] 

Started backup to iCloud! Please be careful.
Your application might be rejected by Apple if you store too much data.
For more information please read "iOS Data Storage Guidelines" at:
https://developer.apple.com/icloud/documentation/data-storage/
To disable web storage backup to iCloud, set the BackupWebStorage preference to "local" in the Cordova config.xml file

2015-05-10 11:42:40.446 VCBC[1873:10107000] [CDVTimer][statusbar] 27.763963ms
2015-05-10 11:42:40.446 VCBC[1873:10107000] [CDVTimer][TotalPluginStartup] 27.997017ms
2015-05-10 11:42:40.487 VCBC[1873:10107000] Resetting plugins due to page load.
2015-05-10 11:42:40.900 VCBC[1873:10107000] Finished load of: file:///Users/CG3/Library/Developer/CoreSimulator/Devices/057EE332-BD38-4510-9C43-64B5851B35B8/data/Containers/Bundle/Application/81A5A617-68BD-433B-B722-0E1560405AD1/VCBC.app/www/index.html
2015-05-10 11:42:44.395 VCBC[1873:10107000] Avon
2015-05-10 11:43:13.354 VCBC[1873:10107000] Avon
2015-05-10 11:43:28.795 VCBC[1873:10107000] Avon
2015-05-10 11:43:29.763 VCBC[1873:10107000] Failed to load webpage with error: The URL can’t be shown
2015-05-10 11:43:30.448 VCBC[1873:10107000] Failed to load webpage with error: The URL can’t be shown
2015-05-10 11:43:30.695 VCBC[1873:10107000] Failed to load webpage with error: The URL can’t be shown
2015-05-10 11:43:31.056 VCBC[1873:10107000] Failed to load webpage with error: The URL can’t be shown
2015-05-10 11:48:06.911 VCBC[2044:10139539] Apache Cordova native platform version 3.8.0 is starting.
2015-05-10 11:48:06.913 VCBC[2044:10139539] Multi-tasking -> Device: YES, App: YES
2015-05-10 11:48:06.915 VCBC[2044:10139539] Unlimited access to network resources
2015-05-10 11:48:06.918 VCBC[2044:10139539] 

Started backup to iCloud! Please be careful.
Your application might be rejected by Apple if you store too much data.
For more information please read "iOS Data Storage Guidelines" at:
https://developer.apple.com/icloud/documentation/data-storage/
To disable web storage backup to iCloud, set the BackupWebStorage preference to "local" in the Cordova config.xml file

2015-05-10 11:48:07.180 VCBC[2044:10139539] [CDVTimer][statusbar] 18.208981ms
2015-05-10 11:48:07.180 VCBC[2044:10139539] [CDVTimer][TotalPluginStartup] 18.387020ms
2015-05-10 11:48:07.227 VCBC[2044:10139539] Resetting plugins due to page load.
2015-05-10 11:48:07.635 VCBC[2044:10139539] Finished load of: file:///Users/CG3/Library/Developer/CoreSimulator/Devices/057EE332-BD38-4510-9C43-64B5851B35B8/data/Containers/Bundle/Application/5BC23B44-6A4D-4521-BD12-4FF0A6F4B510/VCBC.app/www/index.html
2015-05-10 11:48:07.844 VCBC[2044:10139539] Device Model: x86_64
Device Cordova: 3.8.0
Device Platform: iOS
Device UUID: 2A877758-F8C4-4A63-A524-138D1586E12E
Device Version: 8.1
2015-05-10 11:48:22.385 VCBC[2044:10139539] Avon
2015-05-10 11:49:02.499 VCBC[2198:10146267] Apache Cordova native platform version 3.8.0 is starting.
2015-05-10 11:49:02.501 VCBC[2198:10146267] Multi-tasking -> Device: YES, App: YES
2015-05-10 11:49:02.503 VCBC[2198:10146267] Unlimited access to network resources
2015-05-10 11:49:02.506 VCBC[2198:10146267] 

Started backup to iCloud! Please be careful.
Your application might be rejected by Apple if you store too much data.
For more information please read "iOS Data Storage Guidelines" at:
https://developer.apple.com/icloud/documentation/data-storage/
To disable web storage backup to iCloud, set the BackupWebStorage preference to "local" in the Cordova config.xml file

2015-05-10 11:49:02.739 VCBC[2198:10146267] [CDVTimer][statusbar] 26.032031ms
2015-05-10 11:49:02.739 VCBC[2198:10146267] [CDVTimer][TotalPluginStartup] 26.197970ms
2015-05-10 11:49:02.797 VCBC[2198:10146267] Resetting plugins due to page load.
2015-05-10 11:49:03.213 VCBC[2198:10146267] Finished load of: file:///Users/CG3/Library/Developer/CoreSimulator/Devices/057EE332-BD38-4510-9C43-64B5851B35B8/data/Containers/Bundle/Application/B030C845-4B92-4D5B-AAFD-73BE9F71C7E0/VCBC.app/www/index.html
2015-05-10 11:49:09.110 VCBC[2198:10146267] Device Model: x86_64
Device Cordova: 3.8.0
Device Platform: iOS
Device UUID: 2A877758-F8C4-4A63-A524-138D1586E12E
Device Version: 8.1
2015-05-10 11:55:39.101 VCBC[2705:10184406] Apache Cordova native platform version 3.8.0 is starting.
2015-05-10 11:55:39.119 VCBC[2705:10184406] Multi-tasking -> Device: YES, App: YES
2015-05-10 11:55:39.121 VCBC[2705:10184406] Unlimited access to network resources
2015-05-10 11:55:39.124 VCBC[2705:10184406] 

Started backup to iCloud! Please be careful.
Your application might be rejected by Apple if you store too much data.
For more information please read "iOS Data Storage Guidelines" at:
https://developer.apple.com/icloud/documentation/data-storage/
To disable web storage backup to iCloud, set the BackupWebStorage preference to "local" in the Cordova config.xml file

2015-05-10 11:55:39.399 VCBC[2705:10184406] [CDVTimer][statusbar] 69.926977ms
2015-05-10 11:55:39.400 VCBC[2705:10184406] [CDVTimer][TotalPluginStartup] 70.154011ms
2015-05-10 11:55:39.442 VCBC[2705:10184406] Resetting plugins due to page load.
2015-05-10 11:55:39.924 VCBC[2705:10184406] Finished load of: file:///Users/CG3/Library/Developer/CoreSimulator/Devices/057EE332-BD38-4510-9C43-64B5851B35B8/data/Containers/Bundle/Application/E4894AD5-5B5C-4FBB-B86B-4C666208A33A/VCBC.app/www/index.html
2015-05-10 11:55:43.277 VCBC[2705:10184406] Resetting plugins due to page load.
2015-05-10 11:55:45.453 VCBC[2705:10184406] Finished load of: https://www.google.com/maps/place/590+W+Avon+Rd,+Avon,+CT+06001/@41.777979,-72.8620119,17z/data=!4m2!3m1!1s0x89e7af19ec93b61d:0x79636068cbc1446c
2015-05-10 12:13:01.033 VCBC[2963:10295336] Apache Cordova native platform version 3.8.0 is starting.
2015-05-10 12:13:01.050 VCBC[2963:10295336] Multi-tasking -> Device: YES, App: YES
2015-05-10 12:13:01.051 VCBC[2963:10295336] Unlimited access to network resources
2015-05-10 12:13:01.059 VCBC[2963:10295336] 

Started backup to iCloud! Please be careful.
Your application might be rejected by Apple if you store too much data.
For more information please read "iOS Data Storage Guidelines" at:
https://developer.apple.com/icloud/documentation/data-storage/
To disable web storage backup to iCloud, set the BackupWebStorage preference to "local" in the Cordova config.xml file

2015-05-10 12:13:01.326 VCBC[2963:10295336] [CDVTimer][statusbar] 68.080008ms
2015-05-10 12:13:01.326 VCBC[2963:10295336] [CDVTimer][TotalPluginStartup] 68.269968ms
2015-05-10 12:13:01.366 VCBC[2963:10295336] Resetting plugins due to page load.
2015-05-10 12:13:01.892 VCBC[2963:10295336] Finished load of: file:///Users/CG3/Library/Developer/CoreSimulator/Devices/057EE332-BD38-4510-9C43-64B5851B35B8/data/Containers/Bundle/Application/20601DE9-C0B3-4CFD-8936-77C64D81605F/VCBC.app/www/index.html
2015-05-10 12:13:09.842 VCBC[2963:10295336] CDVWebViewDelegate: Navigation started when state=1
2015-05-10 12:13:09.843 VCBC[2963:10295336] Failed to load webpage with error: CDVWebViewDelegate: Navigation started when state=1
2015-05-10 12:13:10.067 VCBC[2963:10295336] CDVWebViewDelegate: Navigation started when state=1
2015-05-10 12:13:10.067 VCBC[2963:10295336] Failed to load webpage with error: CDVWebViewDelegate: Navigation started when state=1
2015-05-10 12:13:10.405 VCBC[2963:10295336] CDVWebViewDelegate: Navigation started when state=1
2015-05-10 12:13:10.405 VCBC[2963:10295336] Failed to load webpage with error: CDVWebViewDelegate: Navigation started when state=1
2015-05-10 12:14:42.555 VCBC[3124:10303549] Apache Cordova native platform version 3.8.0 is starting.
2015-05-10 12:14:42.556 VCBC[3124:10303549] Multi-tasking -> Device: YES, App: YES
2015-05-10 12:14:42.558 VCBC[3124:10303549] Unlimited access to network resources
2015-05-10 12:14:42.560 VCBC[3124:10303549] 

Started backup to iCloud! Please be careful.
Your application might be rejected by Apple if you store too much data.
For more information please read "iOS Data Storage Guidelines" at:
https://developer.apple.com/icloud/documentation/data-storage/
To disable web storage backup to iCloud, set the BackupWebStorage preference to "local" in the Cordova config.xml file

2015-05-10 12:14:42.747 VCBC[3124:10303549] [CDVTimer][statusbar] 14.271021ms
2015-05-10 12:14:42.747 VCBC[3124:10303549] [CDVTimer][TotalPluginStartup] 14.424980ms
2015-05-10 12:14:42.787 VCBC[3124:10303549] Resetting plugins due to page load.
2015-05-10 12:14:43.189 VCBC[3124:10303549] Finished load of: file:///Users/CG3/Library/Developer/CoreSimulator/Devices/057EE332-BD38-4510-9C43-64B5851B35B8/data/Containers/Bundle/Application/6541BAE7-9548-4773-9B25-C29ED684EFA7/VCBC.app/www/index.html
2015-05-10 12:16:24.000 VCBC[3285:10313733] Apache Cordova native platform version 3.8.0 is starting.
2015-05-10 12:16:24.001 VCBC[3285:10313733] Multi-tasking -> Device: YES, App: YES
2015-05-10 12:16:24.002 VCBC[3285:10313733] Unlimited access to network resources
2015-05-10 12:16:24.004 VCBC[3285:10313733] 

Started backup to iCloud! Please be careful.
Your application might be rejected by Apple if you store too much data.
For more information please read "iOS Data Storage Guidelines" at:
https://developer.apple.com/icloud/documentation/data-storage/
To disable web storage backup to iCloud, set the BackupWebStorage preference to "local" in the Cordova config.xml file

2015-05-10 12:16:24.297 VCBC[3285:10313733] [CDVTimer][statusbar] 82.132995ms
2015-05-10 12:16:24.297 VCBC[3285:10313733] [CDVTimer][TotalPluginStartup] 82.418978ms
2015-05-10 12:16:24.340 VCBC[3285:10313733] Resetting plugins due to page load.
2015-05-10 12:16:24.840 VCBC[3285:10313733] Finished load of: file:///Users/CG3/Library/Developer/CoreSimulator/Devices/057EE332-BD38-4510-9C43-64B5851B35B8/data/Containers/Bundle/Application/AB7004B4-26DF-488F-B709-1F2F30BA9032/VCBC.app/www/index.html
2015-05-10 12:16:45.880 VCBC[3285:10313733] Resetting plugins due to page load.
2015-05-10 12:16:46.535 VCBC[3285:10313733] Finished load of: https://accounts.google.com/ServiceLogin?continue=https://www.google.com/maps/api/js/ApplicationService.AuthSuccess?pb=!1e2
2015-05-10 12:20:05.752 VCBC[3541:10336877] Apache Cordova native platform version 3.8.0 is starting.
2015-05-10 12:20:05.753 VCBC[3541:10336877] Multi-tasking -> Device: YES, App: YES
2015-05-10 12:20:05.755 VCBC[3541:10336877] Unlimited access to network resources
2015-05-10 12:20:05.765 VCBC[3541:10336877] 

Started backup to iCloud! Please be careful.
Your application might be rejected by Apple if you store too much data.
For more information please read "iOS Data Storage Guidelines" at:
https://developer.apple.com/icloud/documentation/data-storage/
To disable web storage backup to iCloud, set the BackupWebStorage preference to "local" in the Cordova config.xml file

2015-05-10 12:20:06.059 VCBC[3541:10336877] [CDVTimer][statusbar] 50.118029ms
2015-05-10 12:20:06.060 VCBC[3541:10336877] [CDVTimer][TotalPluginStartup] 50.274014ms
2015-05-10 12:20:06.108 VCBC[3541:10336877] Resetting plugins due to page load.
2015-05-10 12:20:06.570 VCBC[3541:10336877] Finished load of: file:///Users/CG3/Library/Developer/CoreSimulator/Devices/057EE332-BD38-4510-9C43-64B5851B35B8/data/Containers/Bundle/Application/A17AF9FD-55B9-4055-ABED-F0F8486E5DBB/VCBC.app/www/index.html
2015-05-10 12:20:21.139 VCBC[3541:10336877] CDVWebViewDelegate: Unexpected didFinish while waiting for load start.
2015-05-17 10:36:25.085 VCBC[11046:10982975] Apache Cordova native platform version 3.8.0 is starting.
2015-05-17 10:36:25.097 VCBC[11046:10982975] Multi-tasking -> Device: YES, App: YES
2015-05-17 10:36:25.345 VCBC[11046:10982975] Unlimited access to network resources
2015-05-17 10:36:25.396 VCBC[11046:10982975] 

Started backup to iCloud! Please be careful.
Your application might be rejected by Apple if you store too much data.
For more information please read "iOS Data Storage Guidelines" at:
https://developer.apple.com/icloud/documentation/data-storage/
To disable web storage backup to iCloud, set the BackupWebStorage preference to "local" in the Cordova config.xml file

2015-05-17 10:36:30.919 VCBC[11046:10982975] [CDVTimer][statusbar] 607.725024ms
2015-05-17 10:36:30.919 VCBC[11046:10982975] [CDVTimer][TotalPluginStartup] 607.892036ms
2015-05-17 10:36:30.951 VCBC[11046:10982975] Resetting plugins due to page load.
2015-05-17 10:36:32.098 VCBC[11046:10982975] Finished load of: file:///Users/CG3/Library/Developer/CoreSimulator/Devices/057EE332-BD38-4510-9C43-64B5851B35B8/data/Containers/Bundle/Application/838A9998-68C8-4C8A-A919-95DD51FE3EC7/VCBC.app/www/index.html
2015-05-17 10:36:33.229 VCBC[11046:10982975] THREAD WARNING: ['Notification'] took '33.415039' ms. Plugin should use a background thread.
2015-05-17 10:38:04.730 VCBC[11206:10997289] Apache Cordova native platform version 3.8.0 is starting.
2015-05-17 10:38:04.731 VCBC[11206:10997289] Multi-tasking -> Device: YES, App: YES
2015-05-17 10:38:04.732 VCBC[11206:10997289] Unlimited access to network resources
2015-05-17 10:38:04.734 VCBC[11206:10997289] 

Started backup to iCloud! Please be careful.
Your application might be rejected by Apple if you store too much data.
For more information please read "iOS Data Storage Guidelines" at:
https://developer.apple.com/icloud/documentation/data-storage/
To disable web storage backup to iCloud, set the BackupWebStorage preference to "local" in the Cordova config.xml file

2015-05-17 10:38:04.930 VCBC[11206:10997289] [CDVTimer][statusbar] 14.026999ms
2015-05-17 10:38:04.930 VCBC[11206:10997289] [CDVTimer][TotalPluginStartup] 14.221013ms
2015-05-17 10:38:04.971 VCBC[11206:10997289] Resetting plugins due to page load.
2015-05-17 10:38:05.403 VCBC[11206:10997289] Finished load of: file:///Users/CG3/Library/Developer/CoreSimulator/Devices/057EE332-BD38-4510-9C43-64B5851B35B8/data/Containers/Bundle/Application/860F1942-03ED-4FE2-ACC9-8DC50D8038D5/VCBC.app/www/index.html
2015-05-17 10:38:08.574 VCBC[11206:10997289] Resetting plugins due to page load.
2015-05-17 10:38:12.167 VCBC[11206:10997289] Finished load of: https://www.google.com/maps/dir/Current+Location/590+West+Avon+Rd+Avon+CT+06001?dg=brw
2015-05-17 10:40:06.427 VCBC[11367:11009957] Apache Cordova native platform version 3.8.0 is starting.
2015-05-17 10:40:06.427 VCBC[11367:11009957] Multi-tasking -> Device: YES, App: YES
2015-05-17 10:40:06.429 VCBC[11367:11009957] Unlimited access to network resources
2015-05-17 10:40:06.432 VCBC[11367:11009957] 

Started backup to iCloud! Please be careful.
Your application might be rejected by Apple if you store too much data.
For more information please read "iOS Data Storage Guidelines" at:
https://developer.apple.com/icloud/documentation/data-storage/
To disable web storage backup to iCloud, set the BackupWebStorage preference to "local" in the Cordova config.xml file

2015-05-17 10:40:06.652 VCBC[11367:11009957] [CDVTimer][statusbar] 16.310990ms
2015-05-17 10:40:06.652 VCBC[11367:11009957] [CDVTimer][TotalPluginStartup] 16.470015ms
2015-05-17 10:40:06.730 VCBC[11367:11009957] Resetting plugins due to page load.
2015-05-17 10:40:07.128 VCBC[11367:11009957] Finished load of: file:///Users/CG3/Library/Developer/CoreSimulator/Devices/057EE332-BD38-4510-9C43-64B5851B35B8/data/Containers/Bundle/Application/1613A038-3E75-47E8-B860-50C4297B964D/VCBC.app/www/index.html
2015-05-17 10:53:06.970 VCBC[11593:11069920] Apache Cordova native platform version 3.8.0 is starting.
2015-05-17 10:53:06.984 VCBC[11593:11069920] Multi-tasking -> Device: YES, App: YES
2015-05-17 10:53:06.987 VCBC[11593:11069920] Unlimited access to network resources
2015-05-17 10:53:06.994 VCBC[11593:11069920] 

Started backup to iCloud! Please be careful.
Your application might be rejected by Apple if you store too much data.
For more information please read "iOS Data Storage Guidelines" at:
https://developer.apple.com/icloud/documentation/data-storage/
To disable web storage backup to iCloud, set the BackupWebStorage preference to "local" in the Cordova config.xml file

2015-05-17 10:53:07.285 VCBC[11593:11069920] [CDVTimer][statusbar] 88.164985ms
2015-05-17 10:53:07.285 VCBC[11593:11069920] [CDVTimer][TotalPluginStartup] 88.396013ms
2015-05-17 10:53:07.327 VCBC[11593:11069920] Resetting plugins due to page load.
2015-05-17 10:53:07.850 VCBC[11593:11069920] Finished load of: file:///Users/CG3/Library/Developer/CoreSimulator/Devices/057EE332-BD38-4510-9C43-64B5851B35B8/data/Containers/Bundle/Application/281575BE-BED1-4608-85D7-A4D080003053/VCBC.app/www/index.html
2015-05-17 10:54:07.125 VCBC[11746:11077072] Apache Cordova native platform version 3.8.0 is starting.
2015-05-17 10:54:07.126 VCBC[11746:11077072] Multi-tasking -> Device: YES, App: YES
2015-05-17 10:54:07.128 VCBC[11746:11077072] Unlimited access to network resources
2015-05-17 10:54:07.131 VCBC[11746:11077072] 

Started backup to iCloud! Please be careful.
Your application might be rejected by Apple if you store too much data.
For more information please read "iOS Data Storage Guidelines" at:
https://developer.apple.com/icloud/documentation/data-storage/
To disable web storage backup to iCloud, set the BackupWebStorage preference to "local" in the Cordova config.xml file

2015-05-17 10:54:07.403 VCBC[11746:11077072] [CDVTimer][statusbar] 33.948958ms
2015-05-17 10:54:07.403 VCBC[11746:11077072] [CDVTimer][TotalPluginStartup] 34.117997ms
2015-05-17 10:54:07.459 VCBC[11746:11077072] Resetting plugins due to page load.
2015-05-17 10:54:08.016 VCBC[11746:11077072] Finished load of: file:///Users/CG3/Library/Developer/CoreSimulator/Devices/057EE332-BD38-4510-9C43-64B5851B35B8/data/Containers/Bundle/Application/3AAB0995-96DE-4A6E-9D5A-109E45440A3B/VCBC.app/www/index.html
2015-05-17 10:55:11.915 VCBC[11898:11084245] Apache Cordova native platform version 3.8.0 is starting.
2015-05-17 10:55:11.916 VCBC[11898:11084245] Multi-tasking -> Device: YES, App: YES
2015-05-17 10:55:11.918 VCBC[11898:11084245] Unlimited access to network resources
2015-05-17 10:55:11.921 VCBC[11898:11084245] 

Started backup to iCloud! Please be careful.
Your application might be rejected by Apple if you store too much data.
For more information please read "iOS Data Storage Guidelines" at:
https://developer.apple.com/icloud/documentation/data-storage/
To disable web storage backup to iCloud, set the BackupWebStorage preference to "local" in the Cordova config.xml file

2015-05-17 10:55:12.132 VCBC[11898:11084245] [CDVTimer][statusbar] 17.175019ms
2015-05-17 10:55:12.132 VCBC[11898:11084245] [CDVTimer][TotalPluginStartup] 17.350018ms
2015-05-17 10:55:12.190 VCBC[11898:11084245] Resetting plugins due to page load.
2015-05-17 10:55:12.579 VCBC[11898:11084245] Finished load of: file:///Users/CG3/Library/Developer/CoreSimulator/Devices/057EE332-BD38-4510-9C43-64B5851B35B8/data/Containers/Bundle/Application/47961EAA-C73F-4552-9C8D-0B7026445526/VCBC.app/www/index.html
2015-05-17 10:56:34.008 VCBC[12058:11092786] Apache Cordova native platform version 3.8.0 is starting.
2015-05-17 10:56:34.009 VCBC[12058:11092786] Multi-tasking -> Device: YES, App: YES
2015-05-17 10:56:34.010 VCBC[12058:11092786] Unlimited access to network resources
2015-05-17 10:56:34.012 VCBC[12058:11092786] 

Started backup to iCloud! Please be careful.
Your application might be rejected by Apple if you store too much data.
For more information please read "iOS Data Storage Guidelines" at:
https://developer.apple.com/icloud/documentation/data-storage/
To disable web storage backup to iCloud, set the BackupWebStorage preference to "local" in the Cordova config.xml file

2015-05-17 10:56:34.223 VCBC[12058:11092786] [CDVTimer][statusbar] 32.620013ms
2015-05-17 10:56:34.223 VCBC[12058:11092786] [CDVTimer][TotalPluginStartup] 32.781005ms
2015-05-17 10:56:34.261 VCBC[12058:11092786] Resetting plugins due to page load.
2015-05-17 10:56:34.648 VCBC[12058:11092786] Finished load of: file:///Users/CG3/Library/Developer/CoreSimulator/Devices/057EE332-BD38-4510-9C43-64B5851B35B8/data/Containers/Bundle/Application/A36DC012-6104-4F6D-A93F-5968E090EF92/VCBC.app/www/index.html
2015-05-17 10:56:55.235 VCBC[12210:11095964] Apache Cordova native platform version 3.8.0 is starting.
2015-05-17 10:56:55.236 VCBC[12210:11095964] Multi-tasking -> Device: YES, App: YES
2015-05-17 10:56:55.237 VCBC[12210:11095964] Unlimited access to network resources
2015-05-17 10:56:55.239 VCBC[12210:11095964] 

Started backup to iCloud! Please be careful.
Your application might be rejected by Apple if you store too much data.
For more information please read "iOS Data Storage Guidelines" at:
https://developer.apple.com/icloud/documentation/data-storage/
To disable web storage backup to iCloud, set the BackupWebStorage preference to "local" in the Cordova config.xml file

2015-05-17 10:56:55.474 VCBC[12210:11095964] [CDVTimer][statusbar] 48.744023ms
2015-05-17 10:56:55.474 VCBC[12210:11095964] [CDVTimer][TotalPluginStartup] 48.896015ms
2015-05-17 10:56:55.517 VCBC[12210:11095964] Resetting plugins due to page load.
2015-05-17 10:56:55.808 VCBC[12210:11095964] Finished load of: file:///Users/CG3/Library/Developer/CoreSimulator/Devices/057EE332-BD38-4510-9C43-64B5851B35B8/data/Containers/Bundle/Application/318357D6-10E5-4B5B-B3A5-4C1AF2B33B35/VCBC.app/www/index.html
2015-05-17 10:57:22.680 VCBC[12361:11099777] Apache Cordova native platform version 3.8.0 is starting.
2015-05-17 10:57:22.695 VCBC[12361:11099777] Multi-tasking -> Device: YES, App: YES
2015-05-17 10:57:22.698 VCBC[12361:11099777] Unlimited access to network resources
2015-05-17 10:57:22.701 VCBC[12361:11099777] 

Started backup to iCloud! Please be careful.
Your application might be rejected by Apple if you store too much data.
For more information please read "iOS Data Storage Guidelines" at:
https://developer.apple.com/icloud/documentation/data-storage/
To disable web storage backup to iCloud, set the BackupWebStorage preference to "local" in the Cordova config.xml file

2015-05-17 10:57:22.895 VCBC[12361:11099777] [CDVTimer][statusbar] 16.144037ms
2015-05-17 10:57:22.895 VCBC[12361:11099777] [CDVTimer][TotalPluginStartup] 16.327977ms
2015-05-17 10:57:22.982 VCBC[12361:11099777] Resetting plugins due to page load.
2015-05-17 10:57:23.447 VCBC[12361:11099777] Finished load of: file:///Users/CG3/Library/Developer/CoreSimulator/Devices/057EE332-BD38-4510-9C43-64B5851B35B8/data/Containers/Bundle/Application/7841A098-2C34-4230-B242-588ABE45745E/VCBC.app/www/index.html
2015-05-17 10:58:02.226 VCBC[12515:11103238] Apache Cordova native platform version 3.8.0 is starting.
2015-05-17 10:58:02.227 VCBC[12515:11103238] Multi-tasking -> Device: YES, App: YES
2015-05-17 10:58:02.228 VCBC[12515:11103238] Unlimited access to network resources
2015-05-17 10:58:02.230 VCBC[12515:11103238] 

Started backup to iCloud! Please be careful.
Your application might be rejected by Apple if you store too much data.
For more information please read "iOS Data Storage Guidelines" at:
https://developer.apple.com/icloud/documentation/data-storage/
To disable web storage backup to iCloud, set the BackupWebStorage preference to "local" in the Cordova config.xml file

2015-05-17 10:58:02.491 VCBC[12515:11103238] [CDVTimer][statusbar] 56.209981ms
2015-05-17 10:58:02.491 VCBC[12515:11103238] [CDVTimer][TotalPluginStartup] 56.383967ms
2015-05-17 10:58:02.532 VCBC[12515:11103238] Resetting plugins due to page load.
2015-05-17 10:58:02.950 VCBC[12515:11103238] Finished load of: file:///Users/CG3/Library/Developer/CoreSimulator/Devices/057EE332-BD38-4510-9C43-64B5851B35B8/data/Containers/Bundle/Application/2E33664D-8137-471E-82B3-67114C709407/VCBC.app/www/index.html
2015-05-17 10:58:51.371 VCBC[12670:11109475] Apache Cordova native platform version 3.8.0 is starting.
2015-05-17 10:58:51.388 VCBC[12670:11109475] Multi-tasking -> Device: YES, App: YES
2015-05-17 10:58:51.390 VCBC[12670:11109475] Unlimited access to network resources
2015-05-17 10:58:51.392 VCBC[12670:11109475] 

Started backup to iCloud! Please be careful.
Your application might be rejected by Apple if you store too much data.
For more information please read "iOS Data Storage Guidelines" at:
https://developer.apple.com/icloud/documentation/data-storage/
To disable web storage backup to iCloud, set the BackupWebStorage preference to "local" in the Cordova config.xml file

2015-05-17 10:58:51.659 VCBC[12670:11109475] [CDVTimer][statusbar] 51.442027ms
2015-05-17 10:58:51.659 VCBC[12670:11109475] [CDVTimer][TotalPluginStartup] 51.604033ms
2015-05-17 10:58:51.700 VCBC[12670:11109475] Resetting plugins due to page load.
2015-05-17 10:58:52.194 VCBC[12670:11109475] Finished load of: file:///Users/CG3/Library/Developer/CoreSimulator/Devices/057EE332-BD38-4510-9C43-64B5851B35B8/data/Containers/Bundle/Application/679F1D63-A74F-43C6-95EB-EC593130D2C2/VCBC.app/www/index.html
2015-05-17 10:59:40.671 VCBC[12834:11115625] Apache Cordova native platform version 3.8.0 is starting.
2015-05-17 10:59:40.690 VCBC[12834:11115625] Multi-tasking -> Device: YES, App: YES
2015-05-17 10:59:40.692 VCBC[12834:11115625] Unlimited access to network resources
2015-05-17 10:59:40.694 VCBC[12834:11115625] 

Started backup to iCloud! Please be careful.
Your application might be rejected by Apple if you store too much data.
For more information please read "iOS Data Storage Guidelines" at:
https://developer.apple.com/icloud/documentation/data-storage/
To disable web storage backup to iCloud, set the BackupWebStorage preference to "local" in the Cordova config.xml file

2015-05-17 10:59:40.982 VCBC[12834:11115625] [CDVTimer][statusbar] 82.032979ms
2015-05-17 10:59:40.982 VCBC[12834:11115625] [CDVTimer][TotalPluginStartup] 82.266033ms
2015-05-17 10:59:41.025 VCBC[12834:11115625] Resetting plugins due to page load.
2015-05-17 10:59:41.573 VCBC[12834:11115625] Finished load of: file:///Users/CG3/Library/Developer/CoreSimulator/Devices/057EE332-BD38-4510-9C43-64B5851B35B8/data/Containers/Bundle/Application/75098031-00BA-497B-BBB4-69D98FE01429/VCBC.app/www/index.html
2015-05-17 11:02:01.967 VCBC[13008:11129372] Apache Cordova native platform version 3.8.0 is starting.
2015-05-17 11:02:01.985 VCBC[13008:11129372] Multi-tasking -> Device: YES, App: YES
2015-05-17 11:02:01.986 VCBC[13008:11129372] Unlimited access to network resources
2015-05-17 11:02:01.994 VCBC[13008:11129372] 

Started backup to iCloud! Please be careful.
Your application might be rejected by Apple if you store too much data.
For more information please read "iOS Data Storage Guidelines" at:
https://developer.apple.com/icloud/documentation/data-storage/
To disable web storage backup to iCloud, set the BackupWebStorage preference to "local" in the Cordova config.xml file

2015-05-17 11:02:02.240 VCBC[13008:11129372] [CDVTimer][statusbar] 55.427015ms
2015-05-17 11:02:02.240 VCBC[13008:11129372] [CDVTimer][TotalPluginStartup] 55.576026ms
2015-05-17 11:02:02.281 VCBC[13008:11129372] Resetting plugins due to page load.
2015-05-17 11:02:02.829 VCBC[13008:11129372] Finished load of: file:///Users/CG3/Library/Developer/CoreSimulator/Devices/057EE332-BD38-4510-9C43-64B5851B35B8/data/Containers/Bundle/Application/828B346D-2AF4-457E-BD40-9221EAA2FAD3/VCBC.app/www/index.html
2015-05-17 11:03:51.765 VCBC[13184:11142540] Apache Cordova native platform version 3.8.0 is starting.
2015-05-17 11:03:51.779 VCBC[13184:11142540] Multi-tasking -> Device: YES, App: YES
2015-05-17 11:03:51.780 VCBC[13184:11142540] Unlimited access to network resources
2015-05-17 11:03:51.789 VCBC[13184:11142540] 

Started backup to iCloud! Please be careful.
Your application might be rejected by Apple if you store too much data.
For more information please read "iOS Data Storage Guidelines" at:
https://developer.apple.com/icloud/documentation/data-storage/
To disable web storage backup to iCloud, set the BackupWebStorage preference to "local" in the Cordova config.xml file

2015-05-17 11:03:52.051 VCBC[13184:11142540] [CDVTimer][statusbar] 61.268032ms
2015-05-17 11:03:52.051 VCBC[13184:11142540] [CDVTimer][TotalPluginStartup] 61.508000ms
2015-05-17 11:03:52.094 VCBC[13184:11142540] Resetting plugins due to page load.
2015-05-17 11:03:52.662 VCBC[13184:11142540] Finished load of: file:///Users/CG3/Library/Developer/CoreSimulator/Devices/057EE332-BD38-4510-9C43-64B5851B35B8/data/Containers/Bundle/Application/6900EE86-A17C-4971-BC78-DA8D8EEA7A52/VCBC.app/www/index.html
2015-05-17 11:11:27.205 VCBC[13369:11182295] Apache Cordova native platform version 3.8.0 is starting.
2015-05-17 11:11:27.206 VCBC[13369:11182295] Multi-tasking -> Device: YES, App: YES
2015-05-17 11:11:27.207 VCBC[13369:11182295] Unlimited access to network resources
2015-05-17 11:11:27.209 VCBC[13369:11182295] 

Started backup to iCloud! Please be careful.
Your application might be rejected by Apple if you store too much data.
For more information please read "iOS Data Storage Guidelines" at:
https://developer.apple.com/icloud/documentation/data-storage/
To disable web storage backup to iCloud, set the BackupWebStorage preference to "local" in the Cordova config.xml file

2015-05-17 11:11:27.443 VCBC[13369:11182295] [CDVTimer][statusbar] 16.071022ms
2015-05-17 11:11:27.443 VCBC[13369:11182295] [CDVTimer][TotalPluginStartup] 16.228020ms
2015-05-17 11:11:27.525 VCBC[13369:11182295] Resetting plugins due to page load.
2015-05-17 11:11:27.983 VCBC[13369:11182295] Finished load of: file:///Users/CG3/Library/Developer/CoreSimulator/Devices/057EE332-BD38-4510-9C43-64B5851B35B8/data/Containers/Bundle/Application/582252C9-F9DC-418A-A54C-E115AAB7CE09/VCBC.app/www/index.html
2015-05-17 11:34:19.069 VCBC[13639:11309836] Apache Cordova native platform version 3.8.0 is starting.
2015-05-17 11:34:19.070 VCBC[13639:11309836] Multi-tasking -> Device: YES, App: YES
2015-05-17 11:34:19.071 VCBC[13639:11309836] Unlimited access to network resources
2015-05-17 11:34:19.074 VCBC[13639:11309836] 

Started backup to iCloud! Please be careful.
Your application might be rejected by Apple if you store too much data.
For more information please read "iOS Data Storage Guidelines" at:
https://developer.apple.com/icloud/documentation/data-storage/
To disable web storage backup to iCloud, set the BackupWebStorage preference to "local" in the Cordova config.xml file

2015-05-17 11:34:19.378 VCBC[13639:11309836] [CDVTimer][statusbar] 84.541976ms
2015-05-17 11:34:19.378 VCBC[13639:11309836] [CDVTimer][TotalPluginStartup] 84.851027ms
2015-05-17 11:34:19.420 VCBC[13639:11309836] Resetting plugins due to page load.
2015-05-17 11:34:19.937 VCBC[13639:11309836] Finished load of: file:///Users/CG3/Library/Developer/CoreSimulator/Devices/057EE332-BD38-4510-9C43-64B5851B35B8/data/Containers/Bundle/Application/16DCA4D6-7F05-4631-BF40-874D8FF47EAD/VCBC.app/www/index.html
2015-05-17 11:39:29.607 VCBC[13822:11347328] Apache Cordova native platform version 3.8.0 is starting.
2015-05-17 11:39:29.624 VCBC[13822:11347328] Multi-tasking -> Device: YES, App: YES
2015-05-17 11:39:29.626 VCBC[13822:11347328] Unlimited access to network resources
2015-05-17 11:39:29.628 VCBC[13822:11347328] 

Started backup to iCloud! Please be careful.
Your application might be rejected by Apple if you store too much data.
For more information please read "iOS Data Storage Guidelines" at:
https://developer.apple.com/icloud/documentation/data-storage/
To disable web storage backup to iCloud, set the BackupWebStorage preference to "local" in the Cordova config.xml file

2015-05-17 11:39:29.916 VCBC[13822:11347328] [CDVTimer][statusbar] 77.185035ms
2015-05-17 11:39:29.916 VCBC[13822:11347328] [CDVTimer][TotalPluginStartup] 77.471972ms
2015-05-17 11:39:29.958 VCBC[13822:11347328] Resetting plugins due to page load.
2015-05-17 11:39:30.473 VCBC[13822:11347328] Finished load of: file:///Users/CG3/Library/Developer/CoreSimulator/Devices/057EE332-BD38-4510-9C43-64B5851B35B8/data/Containers/Bundle/Application/B319A79F-D7F1-4090-BA72-B65E024F92E5/VCBC.app/www/index.html
2015-05-17 11:39:40.770 VCBC[13822:11347328] Resetting plugins due to page load.
2015-05-17 11:39:41.181 VCBC[13822:11347328] Finished load of: https://accounts.google.com/ServiceLogin?continue=https://www.google.com/maps/api/js/ApplicationService.AuthSuccess?pb=!1e2
2015-05-17 11:48:05.732 VCBC[14013:11386817] Apache Cordova native platform version 3.8.0 is starting.
2015-05-17 11:48:05.733 VCBC[14013:11386817] Multi-tasking -> Device: YES, App: YES
2015-05-17 11:48:05.735 VCBC[14013:11386817] Unlimited access to network resources
2015-05-17 11:48:05.737 VCBC[14013:11386817] 

Started backup to iCloud! Please be careful.
Your application might be rejected by Apple if you store too much data.
For more information please read "iOS Data Storage Guidelines" at:
https://developer.apple.com/icloud/documentation/data-storage/
To disable web storage backup to iCloud, set the BackupWebStorage preference to "local" in the Cordova config.xml file

2015-05-17 11:48:05.997 VCBC[14013:11386817] [CDVTimer][statusbar] 52.215040ms
2015-05-17 11:48:05.997 VCBC[14013:11386817] [CDVTimer][TotalPluginStartup] 52.406013ms
2015-05-17 11:48:06.038 VCBC[14013:11386817] Resetting plugins due to page load.
2015-05-17 11:48:06.561 VCBC[14013:11386817] Finished load of: file:///Users/CG3/Library/Developer/CoreSimulator/Devices/057EE332-BD38-4510-9C43-64B5851B35B8/data/Containers/Bundle/Application/86808141-2B89-44FF-A565-CB881BE0184E/VCBC.app/www/index.html
